<?xml version="1.0" encoding="UTF-8"?>
<!-- Generated by org.testng.reporters.JUnitReportReporter -->
<testsuite hostname="Prabhani-PC" failures="0" tests="1" name="testcases.callingmethod" time="4.387" errors="0" timestamp="05 Aug 2018 10:08:24 GMT" skipped="0">
  <testcase classname="testcases.callingmethod" name="test_Home_Page_Appear_Correct" time="4.387"/>
</testsuite> <!-- testcases.callingmethod -->
